{"C:\\Users\\Korn\\Desktop\\se-project-be-68-2-matikanetannhauser\\controllers\\auth.js": {"path":"C:\\Users\\Korn\\Desktop\\se-project-be-68-2-matikanetannhauser\\controllers\\auth.js","statementMap":{"0":{"start":{"line":1,"column":13},"end":{"line":1,"column":38}},"1":{"start":{"line":3,"column":0},"end":{"line":39,"column":2}},"2":{"start":{"line":4,"column":4},"end":{"line":38,"column":5}},"3":{"start":{"line":5,"column":34},"end":{"line":5,"column":42}},"4":{"start":{"line":7,"column":8},"end":{"line":12,"column":9}},"5":{"start":{"line":8,"column":12},"end":{"line":11,"column":15}},"6":{"start":{"line":14,"column":21},"end":{"line":14,"column":68}},"7":{"start":{"line":16,"column":8},"end":{"line":21,"column":9}},"8":{"start":{"line":17,"column":12},"end":{"line":20,"column":15}},"9":{"start":{"line":23,"column":24},"end":{"line":23,"column":58}},"10":{"start":{"line":25,"column":8},"end":{"line":30,"column":9}},"11":{"start":{"line":26,"column":12},"end":{"line":29,"column":15}},"12":{"start":{"line":32,"column":8},"end":{"line":32,"column":42}},"13":{"start":{"line":34,"column":8},"end":{"line":37,"column":11}},"14":{"start":{"line":41,"column":0},"end":{"line":76,"column":2}},"15":{"start":{"line":42,"column":4},"end":{"line":75,"column":5}},"16":{"start":{"line":43,"column":57},"end":{"line":43,"column":65}},"17":{"start":{"line":45,"column":28},"end":{"line":45,"column":55}},"18":{"start":{"line":46,"column":32},"end":{"line":46,"column":63}},"19":{"start":{"line":48,"column":8},"end":{"line":53,"column":9}},"20":{"start":{"line":49,"column":12},"end":{"line":52,"column":15}},"21":{"start":{"line":55,"column":8},"end":{"line":60,"column":9}},"22":{"start":{"line":56,"column":12},"end":{"line":59,"column":15}},"23":{"start":{"line":62,"column":21},"end":{"line":68,"column":10}},"24":{"start":{"line":70,"column":8},"end":{"line":70,"column":42}},"25":{"start":{"line":73,"column":8},"end":{"line":73,"column":47}},"26":{"start":{"line":74,"column":8},"end":{"line":74,"column":33}},"27":{"start":{"line":78,"column":26},"end":{"line":94,"column":1}},"28":{"start":{"line":79,"column":18},"end":{"line":79,"column":42}},"29":{"start":{"line":81,"column":20},"end":{"line":84,"column":5}},"30":{"start":{"line":86,"column":4},"end":{"line":88,"column":5}},"31":{"start":{"line":87,"column":8},"end":{"line":87,"column":30}},"32":{"start":{"line":90,"column":4},"end":{"line":93,"column":7}},"33":{"start":{"line":96,"column":0},"end":{"line":102,"column":2}},"34":{"start":{"line":97,"column":17},"end":{"line":97,"column":49}},"35":{"start":{"line":98,"column":4},"end":{"line":101,"column":7}},"36":{"start":{"line":104,"column":0},"end":{"line":110,"column":1}},"37":{"start":{"line":105,"column":18},"end":{"line":105,"column":35}},"38":{"start":{"line":106,"column":4},"end":{"line":109,"column":6}},"39":{"start":{"line":112,"column":0},"end":{"line":122,"column":2}},"40":{"start":{"line":113,"column":4},"end":{"line":116,"column":7}},"41":{"start":{"line":118,"column":4},"end":{"line":121,"column":7}}},"fnMap":{"0":{"name":"(anonymous_0)","decl":{"start":{"line":3,"column":16},"end":{"line":3,"column":17}},"loc":{"start":{"line":3,"column":42},"end":{"line":39,"column":1}},"line":3},"1":{"name":"(anonymous_1)","decl":{"start":{"line":41,"column":19},"end":{"line":41,"column":20}},"loc":{"start":{"line":41,"column":45},"end":{"line":76,"column":1}},"line":41},"2":{"name":"(anonymous_2)","decl":{"start":{"line":78,"column":26},"end":{"line":78,"column":27}},"loc":{"start":{"line":78,"column":53},"end":{"line":94,"column":1}},"line":78},"3":{"name":"(anonymous_3)","decl":{"start":{"line":96,"column":16},"end":{"line":96,"column":17}},"loc":{"start":{"line":96,"column":42},"end":{"line":102,"column":1}},"line":96},"4":{"name":"(anonymous_4)","decl":{"start":{"line":104,"column":17},"end":{"line":104,"column":18}},"loc":{"start":{"line":104,"column":43},"end":{"line":110,"column":1}},"line":104},"5":{"name":"(anonymous_5)","decl":{"start":{"line":112,"column":17},"end":{"line":112,"column":18}},"loc":{"start":{"line":112,"column":43},"end":{"line":122,"column":1}},"line":112}},"branchMap":{"0":{"loc":{"start":{"line":7,"column":8},"end":{"line":12,"column":9}},"type":"if","locations":[{"start":{"line":7,"column":8},"end":{"line":12,"column":9}},{"start":{},"end":{}}],"line":7},"1":{"loc":{"start":{"line":7,"column":11},"end":{"line":7,"column":30}},"type":"binary-expr","locations":[{"start":{"line":7,"column":11},"end":{"line":7,"column":17}},{"start":{"line":7,"column":21},"end":{"line":7,"column":30}}],"line":7},"2":{"loc":{"start":{"line":16,"column":8},"end":{"line":21,"column":9}},"type":"if","locations":[{"start":{"line":16,"column":8},"end":{"line":21,"column":9}},{"start":{},"end":{}}],"line":16},"3":{"loc":{"start":{"line":25,"column":8},"end":{"line":30,"column":9}},"type":"if","locations":[{"start":{"line":25,"column":8},"end":{"line":30,"column":9}},{"start":{},"end":{}}],"line":25},"4":{"loc":{"start":{"line":48,"column":8},"end":{"line":53,"column":9}},"type":"if","locations":[{"start":{"line":48,"column":8},"end":{"line":53,"column":9}},{"start":{},"end":{}}],"line":48},"5":{"loc":{"start":{"line":55,"column":8},"end":{"line":60,"column":9}},"type":"if","locations":[{"start":{"line":55,"column":8},"end":{"line":60,"column":9}},{"start":{},"end":{}}],"line":55},"6":{"loc":{"start":{"line":86,"column":4},"end":{"line":88,"column":5}},"type":"if","locations":[{"start":{"line":86,"column":4},"end":{"line":88,"column":5}},{"start":{},"end":{}}],"line":86}},"s":{"0":1,"1":1,"2":7,"3":7,"4":7,"5":1,"6":6,"7":5,"8":1,"9":4,"10":4,"11":1,"12":3,"13":1,"14":1,"15":4,"16":4,"17":4,"18":4,"19":4,"20":1,"21":3,"22":1,"23":2,"24":1,"25":1,"26":1,"27":1,"28":4,"29":4,"30":4,"31":2,"32":4,"33":1,"34":1,"35":1,"36":1,"37":1,"38":1,"39":1,"40":1,"41":1},"f":{"0":7,"1":4,"2":4,"3":1,"4":1,"5":1},"b":{"0":[1,6],"1":[7,7],"2":[1,4],"3":[1,3],"4":[1,3],"5":[1,2],"6":[2,2]},"_coverageSchema":"1a1c01bbd47fc00a2c39e90264f33305004495a9","hash":"84382da5dd59bc1e19aa7fe65f8be73291deae70"}
,"C:\\Users\\Korn\\Desktop\\se-project-be-68-2-matikanetannhauser\\controllers\\comments.js": {"path":"C:\\Users\\Korn\\Desktop\\se-project-be-68-2-matikanetannhauser\\controllers\\comments.js","statementMap":{"0":{"start":{"line":1,"column":17},"end":{"line":1,"column":36}},"1":{"start":{"line":3,"column":16},"end":{"line":3,"column":44}},"2":{"start":{"line":4,"column":19},"end":{"line":4,"column":50}},"3":{"start":{"line":6,"column":22},"end":{"line":6,"column":24}},"4":{"start":{"line":7,"column":18},"end":{"line":7,"column":27}},"5":{"start":{"line":9,"column":29},"end":{"line":20,"column":1}},"6":{"start":{"line":10,"column":18},"end":{"line":15,"column":5}},"7":{"start":{"line":16,"column":4},"end":{"line":19,"column":19}},"8":{"start":{"line":17,"column":21},"end":{"line":17,"column":32}},"9":{"start":{"line":18,"column":18},"end":{"line":18,"column":68}},"10":{"start":{"line":22,"column":23},"end":{"line":22,"column":54}},"11":{"start":{"line":27,"column":0},"end":{"line":55,"column":2}},"12":{"start":{"line":28,"column":4},"end":{"line":54,"column":5}},"13":{"start":{"line":29,"column":42},"end":{"line":29,"column":51}},"14":{"start":{"line":32,"column":20},"end":{"line":34,"column":55}},"15":{"start":{"line":37,"column":8},"end":{"line":39,"column":9}},"16":{"start":{"line":38,"column":12},"end":{"line":38,"column":62}},"17":{"start":{"line":42,"column":8},"end":{"line":42,"column":76}},"18":{"start":{"line":44,"column":25},"end":{"line":44,"column":36}},"19":{"start":{"line":46,"column":8},"end":{"line":50,"column":11}},"20":{"start":{"line":52,"column":8},"end":{"line":52,"column":31}},"21":{"start":{"line":53,"column":8},"end":{"line":53,"column":81}},"22":{"start":{"line":59,"column":0},"end":{"line":73,"column":2}},"23":{"start":{"line":60,"column":4},"end":{"line":72,"column":5}},"24":{"start":{"line":61,"column":24},"end":{"line":63,"column":55}},"25":{"start":{"line":65,"column":8},"end":{"line":67,"column":9}},"26":{"start":{"line":66,"column":12},"end":{"line":66,"column":108}},"27":{"start":{"line":69,"column":8},"end":{"line":69,"column":63}},"28":{"start":{"line":71,"column":8},"end":{"line":71,"column":81}},"29":{"start":{"line":77,"column":0},"end":{"line":126,"column":2}},"30":{"start":{"line":78,"column":4},"end":{"line":125,"column":5}},"31":{"start":{"line":79,"column":8},"end":{"line":79,"column":54}},"32":{"start":{"line":80,"column":8},"end":{"line":80,"column":36}},"33":{"start":{"line":82,"column":27},"end":{"line":82,"column":77}},"34":{"start":{"line":83,"column":8},"end":{"line":85,"column":9}},"35":{"start":{"line":84,"column":12},"end":{"line":84,"column":121}},"36":{"start":{"line":87,"column":28},"end":{"line":87,"column":60}},"37":{"start":{"line":88,"column":28},"end":{"line":91,"column":10}},"38":{"start":{"line":93,"column":8},"end":{"line":98,"column":9}},"39":{"start":{"line":94,"column":12},"end":{"line":97,"column":15}},"40":{"start":{"line":100,"column":32},"end":{"line":103,"column":10}},"41":{"start":{"line":105,"column":8},"end":{"line":110,"column":9}},"42":{"start":{"line":106,"column":12},"end":{"line":109,"column":15}},"43":{"start":{"line":112,"column":27},"end":{"line":112,"column":48}},"44":{"start":{"line":113,"column":8},"end":{"line":113,"column":36}},"45":{"start":{"line":115,"column":24},"end":{"line":115,"column":47}},"46":{"start":{"line":116,"column":8},"end":{"line":116,"column":63}},"47":{"start":{"line":119,"column":8},"end":{"line":122,"column":9}},"48":{"start":{"line":120,"column":29},"end":{"line":120,"column":78}},"49":{"start":{"line":120,"column":66},"end":{"line":120,"column":77}},"50":{"start":{"line":121,"column":12},"end":{"line":121,"column":79}},"51":{"start":{"line":123,"column":8},"end":{"line":123,"column":31}},"52":{"start":{"line":124,"column":8},"end":{"line":124,"column":83}},"53":{"start":{"line":130,"column":0},"end":{"line":165,"column":2}},"54":{"start":{"line":131,"column":4},"end":{"line":164,"column":5}},"55":{"start":{"line":132,"column":22},"end":{"line":132,"column":59}},"56":{"start":{"line":134,"column":8},"end":{"line":136,"column":9}},"57":{"start":{"line":135,"column":12},"end":{"line":135,"column":108}},"58":{"start":{"line":138,"column":8},"end":{"line":140,"column":9}},"59":{"start":{"line":139,"column":12},"end":{"line":139,"column":133}},"60":{"start":{"line":142,"column":8},"end":{"line":142,"column":33}},"61":{"start":{"line":143,"column":8},"end":{"line":143,"column":40}},"62":{"start":{"line":145,"column":8},"end":{"line":148,"column":11}},"63":{"start":{"line":150,"column":8},"end":{"line":150,"column":63}},"64":{"start":{"line":152,"column":8},"end":{"line":157,"column":9}},"65":{"start":{"line":153,"column":12},"end":{"line":156,"column":15}},"66":{"start":{"line":158,"column":8},"end":{"line":161,"column":9}},"67":{"start":{"line":159,"column":29},"end":{"line":159,"column":78}},"68":{"start":{"line":159,"column":66},"end":{"line":159,"column":77}},"69":{"start":{"line":160,"column":12},"end":{"line":160,"column":79}},"70":{"start":{"line":162,"column":8},"end":{"line":162,"column":31}},"71":{"start":{"line":163,"column":8},"end":{"line":163,"column":83}},"72":{"start":{"line":169,"column":0},"end":{"line":192,"column":2}},"73":{"start":{"line":170,"column":4},"end":{"line":191,"column":5}},"74":{"start":{"line":171,"column":24},"end":{"line":171,"column":61}},"75":{"start":{"line":173,"column":8},"end":{"line":175,"column":9}},"76":{"start":{"line":174,"column":12},"end":{"line":174,"column":108}},"77":{"start":{"line":177,"column":8},"end":{"line":179,"column":9}},"78":{"start":{"line":178,"column":12},"end":{"line":178,"column":133}},"79":{"start":{"line":181,"column":8},"end":{"line":181,"column":34}},"80":{"start":{"line":183,"column":8},"end":{"line":187,"column":11}},"81":{"start":{"line":189,"column":8},"end":{"line":189,"column":31}},"82":{"start":{"line":190,"column":8},"end":{"line":190,"column":83}}},"fnMap":{"0":{"name":"(anonymous_0)","decl":{"start":{"line":9,"column":29},"end":{"line":9,"column":30}},"loc":{"start":{"line":9,"column":37},"end":{"line":20,"column":1}},"line":9},"1":{"name":"(anonymous_1)","decl":{"start":{"line":17,"column":16},"end":{"line":17,"column":17}},"loc":{"start":{"line":17,"column":21},"end":{"line":17,"column":32}},"line":17},"2":{"name":"(anonymous_2)","decl":{"start":{"line":18,"column":13},"end":{"line":18,"column":14}},"loc":{"start":{"line":18,"column":18},"end":{"line":18,"column":68}},"line":18},"3":{"name":"(anonymous_3)","decl":{"start":{"line":27,"column":22},"end":{"line":27,"column":23}},"loc":{"start":{"line":27,"column":48},"end":{"line":55,"column":1}},"line":27},"4":{"name":"(anonymous_4)","decl":{"start":{"line":59,"column":21},"end":{"line":59,"column":22}},"loc":{"start":{"line":59,"column":47},"end":{"line":73,"column":1}},"line":59},"5":{"name":"(anonymous_5)","decl":{"start":{"line":77,"column":21},"end":{"line":77,"column":22}},"loc":{"start":{"line":77,"column":47},"end":{"line":126,"column":1}},"line":77},"6":{"name":"(anonymous_6)","decl":{"start":{"line":120,"column":59},"end":{"line":120,"column":60}},"loc":{"start":{"line":120,"column":66},"end":{"line":120,"column":77}},"line":120},"7":{"name":"(anonymous_7)","decl":{"start":{"line":130,"column":24},"end":{"line":130,"column":25}},"loc":{"start":{"line":130,"column":50},"end":{"line":165,"column":1}},"line":130},"8":{"name":"(anonymous_8)","decl":{"start":{"line":159,"column":59},"end":{"line":159,"column":60}},"loc":{"start":{"line":159,"column":66},"end":{"line":159,"column":77}},"line":159},"9":{"name":"(anonymous_9)","decl":{"start":{"line":169,"column":24},"end":{"line":169,"column":25}},"loc":{"start":{"line":169,"column":50},"end":{"line":192,"column":1}},"line":169}},"branchMap":{"0":{"loc":{"start":{"line":18,"column":42},"end":{"line":18,"column":66}},"type":"cond-expr","locations":[{"start":{"line":18,"column":58},"end":{"line":18,"column":61}},{"start":{"line":18,"column":64},"end":{"line":18,"column":66}}],"line":18},"1":{"loc":{"start":{"line":37,"column":8},"end":{"line":39,"column":9}},"type":"if","locations":[{"start":{"line":37,"column":8},"end":{"line":39,"column":9}},{"start":{},"end":{}}],"line":37},"2":{"loc":{"start":{"line":42,"column":27},"end":{"line":42,"column":74}},"type":"cond-expr","locations":[{"start":{"line":42,"column":34},"end":{"line":42,"column":59}},{"start":{"line":42,"column":62},"end":{"line":42,"column":74}}],"line":42},"3":{"loc":{"start":{"line":65,"column":8},"end":{"line":67,"column":9}},"type":"if","locations":[{"start":{"line":65,"column":8},"end":{"line":67,"column":9}},{"start":{},"end":{}}],"line":65},"4":{"loc":{"start":{"line":83,"column":8},"end":{"line":85,"column":9}},"type":"if","locations":[{"start":{"line":83,"column":8},"end":{"line":85,"column":9}},{"start":{},"end":{}}],"line":83},"5":{"loc":{"start":{"line":93,"column":8},"end":{"line":98,"column":9}},"type":"if","locations":[{"start":{"line":93,"column":8},"end":{"line":98,"column":9}},{"start":{},"end":{}}],"line":93},"6":{"loc":{"start":{"line":105,"column":8},"end":{"line":110,"column":9}},"type":"if","locations":[{"start":{"line":105,"column":8},"end":{"line":110,"column":9}},{"start":{},"end":{}}],"line":105},"7":{"loc":{"start":{"line":119,"column":8},"end":{"line":122,"column":9}},"type":"if","locations":[{"start":{"line":119,"column":8},"end":{"line":122,"column":9}},{"start":{},"end":{}}],"line":119},"8":{"loc":{"start":{"line":134,"column":8},"end":{"line":136,"column":9}},"type":"if","locations":[{"start":{"line":134,"column":8},"end":{"line":136,"column":9}},{"start":{},"end":{}}],"line":134},"9":{"loc":{"start":{"line":138,"column":8},"end":{"line":140,"column":9}},"type":"if","locations":[{"start":{"line":138,"column":8},"end":{"line":140,"column":9}},{"start":{},"end":{}}],"line":138},"10":{"loc":{"start":{"line":138,"column":12},"end":{"line":138,"column":91}},"type":"binary-expr","locations":[{"start":{"line":138,"column":12},"end":{"line":138,"column":62}},{"start":{"line":138,"column":66},"end":{"line":138,"column":91}}],"line":138},"11":{"loc":{"start":{"line":152,"column":8},"end":{"line":157,"column":9}},"type":"if","locations":[{"start":{"line":152,"column":8},"end":{"line":157,"column":9}},{"start":{},"end":{}}],"line":152},"12":{"loc":{"start":{"line":158,"column":8},"end":{"line":161,"column":9}},"type":"if","locations":[{"start":{"line":158,"column":8},"end":{"line":161,"column":9}},{"start":{},"end":{}}],"line":158},"13":{"loc":{"start":{"line":173,"column":8},"end":{"line":175,"column":9}},"type":"if","locations":[{"start":{"line":173,"column":8},"end":{"line":175,"column":9}},{"start":{},"end":{}}],"line":173},"14":{"loc":{"start":{"line":177,"column":8},"end":{"line":179,"column":9}},"type":"if","locations":[{"start":{"line":177,"column":8},"end":{"line":179,"column":9}},{"start":{},"end":{}}],"line":177},"15":{"loc":{"start":{"line":177,"column":12},"end":{"line":177,"column":80}},"type":"binary-expr","locations":[{"start":{"line":177,"column":12},"end":{"line":177,"column":51}},{"start":{"line":177,"column":55},"end":{"line":177,"column":80}}],"line":177}},"s":{"0":2,"1":2,"2":2,"3":2,"4":2,"5":2,"6":2,"7":2,"8":8,"9":5,"10":2,"11":2,"12":3,"13":3,"14":3,"15":3,"16":1,"17":3,"18":3,"19":2,"20":1,"21":1,"22":2,"23":3,"24":3,"25":2,"26":1,"27":1,"28":1,"29":2,"30":6,"31":6,"32":6,"33":6,"34":5,"35":1,"36":4,"37":4,"38":4,"39":1,"40":3,"41":3,"42":1,"43":2,"44":2,"45":1,"46":1,"47":2,"48":1,"49":1,"50":1,"51":1,"52":1,"53":2,"54":7,"55":7,"56":4,"57":1,"58":3,"59":1,"60":2,"61":2,"62":2,"63":1,"64":4,"65":2,"66":2,"67":1,"68":1,"69":1,"70":1,"71":1,"72":2,"73":5,"74":5,"75":4,"76":1,"77":3,"78":1,"79":2,"80":1,"81":2,"82":2},"f":{"0":2,"1":8,"2":5,"3":3,"4":3,"5":6,"6":1,"7":7,"8":1,"9":5},"b":{"0":[4,1],"1":[1,2],"2":[1,2],"3":[1,1],"4":[1,4],"5":[1,3],"6":[1,2],"7":[1,1],"8":[1,3],"9":[1,2],"10":[3,1],"11":[2,2],"12":[1,1],"13":[1,3],"14":[1,2],"15":[3,1]},"_coverageSchema":"1a1c01bbd47fc00a2c39e90264f33305004495a9","hash":"83813c1fc525f45e011a90571b8d5a8575f785d2"}
,"C:\\Users\\Korn\\Desktop\\se-project-be-68-2-matikanetannhauser\\controllers\\reservation.js": {"path":"C:\\Users\\Korn\\Desktop\\se-project-be-68-2-matikanetannhauser\\controllers\\reservation.js","statementMap":{"0":{"start":{"line":1,"column":20},"end":{"line":1,"column":52}},"1":{"start":{"line":2,"column":19},"end":{"line":2,"column":50}},"2":{"start":{"line":5,"column":24},"end":{"line":14,"column":1}},"3":{"start":{"line":17,"column":0},"end":{"line":51,"column":1}},"4":{"start":{"line":20,"column":4},"end":{"line":34,"column":5}},"5":{"start":{"line":21,"column":8},"end":{"line":26,"column":9}},"6":{"start":{"line":22,"column":12},"end":{"line":22,"column":49}},"7":{"start":{"line":23,"column":12},"end":{"line":23,"column":121}},"8":{"start":{"line":25,"column":12},"end":{"line":25,"column":84}},"9":{"start":{"line":28,"column":8},"end":{"line":33,"column":9}},"10":{"start":{"line":29,"column":12},"end":{"line":29,"column":49}},"11":{"start":{"line":30,"column":12},"end":{"line":30,"column":102}},"12":{"start":{"line":32,"column":12},"end":{"line":32,"column":67}},"13":{"start":{"line":36,"column":4},"end":{"line":50,"column":5}},"14":{"start":{"line":37,"column":29},"end":{"line":37,"column":40}},"15":{"start":{"line":39,"column":8},"end":{"line":43,"column":10}},"16":{"start":{"line":45,"column":8},"end":{"line":45,"column":31}},"17":{"start":{"line":46,"column":8},"end":{"line":49,"column":11}},"18":{"start":{"line":53,"column":0},"end":{"line":83,"column":1}},"19":{"start":{"line":54,"column":4},"end":{"line":82,"column":5}},"20":{"start":{"line":55,"column":28},"end":{"line":55,"column":95}},"21":{"start":{"line":57,"column":8},"end":{"line":62,"column":9}},"22":{"start":{"line":58,"column":12},"end":{"line":61,"column":15}},"23":{"start":{"line":66,"column":8},"end":{"line":71,"column":9}},"24":{"start":{"line":67,"column":12},"end":{"line":70,"column":15}},"25":{"start":{"line":72,"column":8},"end":{"line":75,"column":10}},"26":{"start":{"line":77,"column":8},"end":{"line":77,"column":31}},"27":{"start":{"line":78,"column":8},"end":{"line":81,"column":11}},"28":{"start":{"line":85,"column":0},"end":{"line":165,"column":1}},"29":{"start":{"line":86,"column":4},"end":{"line":164,"column":5}},"30":{"start":{"line":87,"column":8},"end":{"line":87,"column":54}},"31":{"start":{"line":89,"column":27},"end":{"line":89,"column":77}},"32":{"start":{"line":90,"column":8},"end":{"line":95,"column":9}},"33":{"start":{"line":91,"column":12},"end":{"line":94,"column":15}},"34":{"start":{"line":97,"column":8},"end":{"line":102,"column":9}},"35":{"start":{"line":98,"column":12},"end":{"line":101,"column":14}},"36":{"start":{"line":103,"column":8},"end":{"line":108,"column":9}},"37":{"start":{"line":104,"column":12},"end":{"line":107,"column":14}},"38":{"start":{"line":109,"column":25},"end":{"line":109,"column":44}},"39":{"start":{"line":110,"column":26},"end":{"line":110,"column":46}},"40":{"start":{"line":111,"column":26},"end":{"line":111,"column":62}},"41":{"start":{"line":112,"column":24},"end":{"line":112,"column":58}},"42":{"start":{"line":114,"column":8},"end":{"line":114,"column":103}},"43":{"start":{"line":116,"column":26},"end":{"line":116,"column":61}},"44":{"start":{"line":117,"column":24},"end":{"line":117,"column":57}},"45":{"start":{"line":118,"column":8},"end":{"line":123,"column":9}},"46":{"start":{"line":119,"column":12},"end":{"line":122,"column":15}},"47":{"start":{"line":125,"column":8},"end":{"line":130,"column":9}},"48":{"start":{"line":126,"column":12},"end":{"line":129,"column":15}},"49":{"start":{"line":132,"column":8},"end":{"line":137,"column":9}},"50":{"start":{"line":133,"column":12},"end":{"line":136,"column":15}},"51":{"start":{"line":139,"column":8},"end":{"line":139,"column":36}},"52":{"start":{"line":140,"column":36},"end":{"line":140,"column":79}},"53":{"start":{"line":141,"column":8},"end":{"line":146,"column":9}},"54":{"start":{"line":142,"column":12},"end":{"line":145,"column":14}},"55":{"start":{"line":149,"column":28},"end":{"line":149,"column":62}},"56":{"start":{"line":152,"column":8},"end":{"line":152,"column":52}},"57":{"start":{"line":154,"column":8},"end":{"line":157,"column":11}},"58":{"start":{"line":159,"column":8},"end":{"line":159,"column":31}},"59":{"start":{"line":160,"column":8},"end":{"line":163,"column":11}},"60":{"start":{"line":167,"column":0},"end":{"line":260,"column":1}},"61":{"start":{"line":168,"column":4},"end":{"line":259,"column":5}},"62":{"start":{"line":169,"column":26},"end":{"line":169,"column":93}},"63":{"start":{"line":171,"column":8},"end":{"line":176,"column":9}},"64":{"start":{"line":172,"column":12},"end":{"line":175,"column":15}},"65":{"start":{"line":178,"column":8},"end":{"line":183,"column":9}},"66":{"start":{"line":179,"column":12},"end":{"line":182,"column":15}},"67":{"start":{"line":186,"column":8},"end":{"line":191,"column":9}},"68":{"start":{"line":187,"column":12},"end":{"line":190,"column":14}},"69":{"start":{"line":192,"column":8},"end":{"line":197,"column":9}},"70":{"start":{"line":193,"column":12},"end":{"line":196,"column":14}},"71":{"start":{"line":199,"column":8},"end":{"line":203,"column":9}},"72":{"start":{"line":200,"column":12},"end":{"line":200,"column":48}},"73":{"start":{"line":202,"column":12},"end":{"line":202,"column":98}},"74":{"start":{"line":204,"column":8},"end":{"line":209,"column":9}},"75":{"start":{"line":205,"column":12},"end":{"line":208,"column":14}},"76":{"start":{"line":211,"column":25},"end":{"line":211,"column":44}},"77":{"start":{"line":212,"column":26},"end":{"line":212,"column":46}},"78":{"start":{"line":213,"column":30},"end":{"line":213,"column":95}},"79":{"start":{"line":214,"column":26},"end":{"line":214,"column":87}},"80":{"start":{"line":215,"column":26},"end":{"line":215,"column":53}},"81":{"start":{"line":216,"column":24},"end":{"line":216,"column":49}},"82":{"start":{"line":218,"column":8},"end":{"line":218,"column":103}},"83":{"start":{"line":221,"column":26},"end":{"line":221,"column":52}},"84":{"start":{"line":222,"column":24},"end":{"line":222,"column":48}},"85":{"start":{"line":223,"column":8},"end":{"line":228,"column":9}},"86":{"start":{"line":224,"column":12},"end":{"line":227,"column":15}},"87":{"start":{"line":230,"column":8},"end":{"line":235,"column":9}},"88":{"start":{"line":231,"column":12},"end":{"line":234,"column":15}},"89":{"start":{"line":237,"column":8},"end":{"line":242,"column":9}},"90":{"start":{"line":238,"column":12},"end":{"line":241,"column":15}},"91":{"start":{"line":244,"column":8},"end":{"line":247,"column":37}},"92":{"start":{"line":249,"column":8},"end":{"line":252,"column":11}},"93":{"start":{"line":254,"column":8},"end":{"line":254,"column":31}},"94":{"start":{"line":255,"column":8},"end":{"line":258,"column":10}},"95":{"start":{"line":262,"column":0},"end":{"line":290,"column":1}},"96":{"start":{"line":263,"column":4},"end":{"line":289,"column":5}},"97":{"start":{"line":264,"column":28},"end":{"line":264,"column":69}},"98":{"start":{"line":265,"column":8},"end":{"line":270,"column":9}},"99":{"start":{"line":266,"column":12},"end":{"line":269,"column":15}},"100":{"start":{"line":272,"column":8},"end":{"line":277,"column":9}},"101":{"start":{"line":273,"column":12},"end":{"line":276,"column":15}},"102":{"start":{"line":278,"column":8},"end":{"line":278,"column":38}},"103":{"start":{"line":279,"column":8},"end":{"line":282,"column":11}},"104":{"start":{"line":284,"column":8},"end":{"line":284,"column":31}},"105":{"start":{"line":285,"column":8},"end":{"line":288,"column":11}}},"fnMap":{"0":{"name":"(anonymous_0)","decl":{"start":{"line":17,"column":26},"end":{"line":17,"column":27}},"loc":{"start":{"line":17,"column":52},"end":{"line":51,"column":1}},"line":17},"1":{"name":"(anonymous_1)","decl":{"start":{"line":53,"column":25},"end":{"line":53,"column":26}},"loc":{"start":{"line":53,"column":51},"end":{"line":83,"column":1}},"line":53},"2":{"name":"(anonymous_2)","decl":{"start":{"line":85,"column":25},"end":{"line":85,"column":26}},"loc":{"start":{"line":85,"column":51},"end":{"line":165,"column":1}},"line":85},"3":{"name":"(anonymous_3)","decl":{"start":{"line":167,"column":28},"end":{"line":167,"column":29}},"loc":{"start":{"line":167,"column":54},"end":{"line":260,"column":1}},"line":167},"4":{"name":"(anonymous_4)","decl":{"start":{"line":262,"column":28},"end":{"line":262,"column":29}},"loc":{"start":{"line":262,"column":54},"end":{"line":290,"column":1}},"line":262}},"branchMap":{"0":{"loc":{"start":{"line":20,"column":4},"end":{"line":34,"column":5}},"type":"if","locations":[{"start":{"line":20,"column":4},"end":{"line":34,"column":5}},{"start":{"line":27,"column":11},"end":{"line":34,"column":5}}],"line":20},"1":{"loc":{"start":{"line":21,"column":8},"end":{"line":26,"column":9}},"type":"if","locations":[{"start":{"line":21,"column":8},"end":{"line":26,"column":9}},{"start":{"line":24,"column":15},"end":{"line":26,"column":9}}],"line":21},"2":{"loc":{"start":{"line":28,"column":8},"end":{"line":33,"column":9}},"type":"if","locations":[{"start":{"line":28,"column":8},"end":{"line":33,"column":9}},{"start":{"line":31,"column":15},"end":{"line":33,"column":9}}],"line":28},"3":{"loc":{"start":{"line":57,"column":8},"end":{"line":62,"column":9}},"type":"if","locations":[{"start":{"line":57,"column":8},"end":{"line":62,"column":9}},{"start":{},"end":{}}],"line":57},"4":{"loc":{"start":{"line":66,"column":8},"end":{"line":71,"column":9}},"type":"if","locations":[{"start":{"line":66,"column":8},"end":{"line":71,"column":9}},{"start":{},"end":{}}],"line":66},"5":{"loc":{"start":{"line":66,"column":11},"end":{"line":66,"column":87}},"type":"binary-expr","locations":[{"start":{"line":66,"column":11},"end":{"line":66,"column":58}},{"start":{"line":66,"column":62},"end":{"line":66,"column":87}}],"line":66},"6":{"loc":{"start":{"line":90,"column":8},"end":{"line":95,"column":9}},"type":"if","locations":[{"start":{"line":90,"column":8},"end":{"line":95,"column":9}},{"start":{},"end":{}}],"line":90},"7":{"loc":{"start":{"line":97,"column":8},"end":{"line":102,"column":9}},"type":"if","locations":[{"start":{"line":97,"column":8},"end":{"line":102,"column":9}},{"start":{},"end":{}}],"line":97},"8":{"loc":{"start":{"line":103,"column":8},"end":{"line":108,"column":9}},"type":"if","locations":[{"start":{"line":103,"column":8},"end":{"line":108,"column":9}},{"start":{},"end":{}}],"line":103},"9":{"loc":{"start":{"line":118,"column":8},"end":{"line":123,"column":9}},"type":"if","locations":[{"start":{"line":118,"column":8},"end":{"line":123,"column":9}},{"start":{},"end":{}}],"line":118},"10":{"loc":{"start":{"line":125,"column":8},"end":{"line":130,"column":9}},"type":"if","locations":[{"start":{"line":125,"column":8},"end":{"line":130,"column":9}},{"start":{},"end":{}}],"line":125},"11":{"loc":{"start":{"line":132,"column":8},"end":{"line":137,"column":9}},"type":"if","locations":[{"start":{"line":132,"column":8},"end":{"line":137,"column":9}},{"start":{},"end":{}}],"line":132},"12":{"loc":{"start":{"line":132,"column":13},"end":{"line":132,"column":54}},"type":"binary-expr","locations":[{"start":{"line":132,"column":13},"end":{"line":132,"column":32}},{"start":{"line":132,"column":36},"end":{"line":132,"column":54}}],"line":132},"13":{"loc":{"start":{"line":141,"column":8},"end":{"line":146,"column":9}},"type":"if","locations":[{"start":{"line":141,"column":8},"end":{"line":146,"column":9}},{"start":{},"end":{}}],"line":141},"14":{"loc":{"start":{"line":141,"column":11},"end":{"line":141,"column":69}},"type":"binary-expr","locations":[{"start":{"line":141,"column":11},"end":{"line":141,"column":40}},{"start":{"line":141,"column":44},"end":{"line":141,"column":69}}],"line":141},"15":{"loc":{"start":{"line":171,"column":8},"end":{"line":176,"column":9}},"type":"if","locations":[{"start":{"line":171,"column":8},"end":{"line":176,"column":9}},{"start":{},"end":{}}],"line":171},"16":{"loc":{"start":{"line":178,"column":8},"end":{"line":183,"column":9}},"type":"if","locations":[{"start":{"line":178,"column":8},"end":{"line":183,"column":9}},{"start":{},"end":{}}],"line":178},"17":{"loc":{"start":{"line":178,"column":11},"end":{"line":178,"column":87}},"type":"binary-expr","locations":[{"start":{"line":178,"column":11},"end":{"line":178,"column":58}},{"start":{"line":178,"column":62},"end":{"line":178,"column":87}}],"line":178},"18":{"loc":{"start":{"line":186,"column":8},"end":{"line":191,"column":9}},"type":"if","locations":[{"start":{"line":186,"column":8},"end":{"line":191,"column":9}},{"start":{},"end":{}}],"line":186},"19":{"loc":{"start":{"line":192,"column":8},"end":{"line":197,"column":9}},"type":"if","locations":[{"start":{"line":192,"column":8},"end":{"line":197,"column":9}},{"start":{},"end":{}}],"line":192},"20":{"loc":{"start":{"line":199,"column":8},"end":{"line":203,"column":9}},"type":"if","locations":[{"start":{"line":199,"column":8},"end":{"line":203,"column":9}},{"start":{"line":201,"column":15},"end":{"line":203,"column":9}}],"line":199},"21":{"loc":{"start":{"line":202,"column":25},"end":{"line":202,"column":97}},"type":"binary-expr","locations":[{"start":{"line":202,"column":25},"end":{"line":202,"column":71}},{"start":{"line":202,"column":75},"end":{"line":202,"column":97}}],"line":202},"22":{"loc":{"start":{"line":204,"column":8},"end":{"line":209,"column":9}},"type":"if","locations":[{"start":{"line":204,"column":8},"end":{"line":209,"column":9}},{"start":{},"end":{}}],"line":204},"23":{"loc":{"start":{"line":213,"column":30},"end":{"line":213,"column":95}},"type":"binary-expr","locations":[{"start":{"line":213,"column":30},"end":{"line":213,"column":52}},{"start":{"line":213,"column":56},"end":{"line":213,"column":95}}],"line":213},"24":{"loc":{"start":{"line":214,"column":26},"end":{"line":214,"column":87}},"type":"binary-expr","locations":[{"start":{"line":214,"column":26},"end":{"line":214,"column":46}},{"start":{"line":214,"column":50},"end":{"line":214,"column":87}}],"line":214},"25":{"loc":{"start":{"line":223,"column":8},"end":{"line":228,"column":9}},"type":"if","locations":[{"start":{"line":223,"column":8},"end":{"line":228,"column":9}},{"start":{},"end":{}}],"line":223},"26":{"loc":{"start":{"line":230,"column":8},"end":{"line":235,"column":9}},"type":"if","locations":[{"start":{"line":230,"column":8},"end":{"line":235,"column":9}},{"start":{},"end":{}}],"line":230},"27":{"loc":{"start":{"line":237,"column":8},"end":{"line":242,"column":9}},"type":"if","locations":[{"start":{"line":237,"column":8},"end":{"line":242,"column":9}},{"start":{},"end":{}}],"line":237},"28":{"loc":{"start":{"line":237,"column":13},"end":{"line":237,"column":54}},"type":"binary-expr","locations":[{"start":{"line":237,"column":13},"end":{"line":237,"column":32}},{"start":{"line":237,"column":36},"end":{"line":237,"column":54}}],"line":237},"29":{"loc":{"start":{"line":265,"column":8},"end":{"line":270,"column":9}},"type":"if","locations":[{"start":{"line":265,"column":8},"end":{"line":270,"column":9}},{"start":{},"end":{}}],"line":265},"30":{"loc":{"start":{"line":272,"column":8},"end":{"line":277,"column":9}},"type":"if","locations":[{"start":{"line":272,"column":8},"end":{"line":277,"column":9}},{"start":{},"end":{}}],"line":272},"31":{"loc":{"start":{"line":272,"column":11},"end":{"line":272,"column":81}},"type":"binary-expr","locations":[{"start":{"line":272,"column":11},"end":{"line":272,"column":52}},{"start":{"line":272,"column":56},"end":{"line":272,"column":81}}],"line":272}},"s":{"0":1,"1":1,"2":1,"3":1,"4":5,"5":3,"6":1,"7":1,"8":2,"9":2,"10":1,"11":1,"12":1,"13":5,"14":5,"15":4,"16":1,"17":1,"18":1,"19":5,"20":5,"21":4,"22":1,"23":3,"24":1,"25":2,"26":1,"27":1,"28":1,"29":11,"30":11,"31":11,"32":10,"33":1,"34":9,"35":8,"36":9,"37":8,"38":9,"39":9,"40":9,"41":8,"42":7,"43":7,"44":7,"45":7,"46":1,"47":6,"48":1,"49":5,"50":1,"51":4,"52":4,"53":4,"54":1,"55":3,"56":3,"57":3,"58":3,"59":3,"60":1,"61":12,"62":12,"63":11,"64":1,"65":10,"66":1,"67":9,"68":8,"69":9,"70":8,"71":9,"72":7,"73":2,"74":9,"75":1,"76":8,"77":8,"78":8,"79":8,"80":8,"81":8,"82":8,"83":8,"84":8,"85":8,"86":1,"87":7,"88":1,"89":6,"90":1,"91":5,"92":5,"93":1,"94":1,"95":1,"96":5,"97":5,"98":4,"99":1,"100":3,"101":1,"102":2,"103":2,"104":1,"105":1},"f":{"0":5,"1":5,"2":11,"3":12,"4":5},"b":{"0":[3,2],"1":[1,2],"2":[1,1],"3":[1,3],"4":[1,2],"5":[3,2],"6":[1,9],"7":[8,1],"8":[8,1],"9":[1,6],"10":[1,5],"11":[1,4],"12":[5,5],"13":[1,3],"14":[4,2],"15":[1,10],"16":[1,9],"17":[10,2],"18":[8,1],"19":[8,1],"20":[7,2],"21":[2,1],"22":[1,8],"23":[8,1],"24":[8,1],"25":[1,7],"26":[1,6],"27":[1,5],"28":[6,6],"29":[1,3],"30":[1,2],"31":[3,2]},"_coverageSchema":"1a1c01bbd47fc00a2c39e90264f33305004495a9","hash":"5fafdd6b43ae587673b1392e0a858bbb72871f2c"}
,"C:\\Users\\Korn\\Desktop\\se-project-be-68-2-matikanetannhauser\\controllers\\restaurants.js": {"path":"C:\\Users\\Korn\\Desktop\\se-project-be-68-2-matikanetannhauser\\controllers\\restaurants.js","statementMap":{"0":{"start":{"line":1,"column":19},"end":{"line":1,"column":50}},"1":{"start":{"line":2,"column":20},"end":{"line":2,"column":55}},"2":{"start":{"line":3,"column":16},"end":{"line":3,"column":47}},"3":{"start":{"line":4,"column":17},"end":{"line":4,"column":36}},"4":{"start":{"line":7,"column":0},"end":{"line":86,"column":2}},"5":{"start":{"line":10,"column":21},"end":{"line":10,"column":35}},"6":{"start":{"line":12,"column":25},"end":{"line":12,"column":57}},"7":{"start":{"line":14,"column":4},"end":{"line":14,"column":56}},"8":{"start":{"line":14,"column":32},"end":{"line":14,"column":54}},"9":{"start":{"line":17,"column":19},"end":{"line":17,"column":43}},"10":{"start":{"line":18,"column":4},"end":{"line":18,"column":79}},"11":{"start":{"line":18,"column":66},"end":{"line":18,"column":77}},"12":{"start":{"line":20,"column":4},"end":{"line":29,"column":11}},"13":{"start":{"line":31,"column":4},"end":{"line":35,"column":5}},"14":{"start":{"line":33,"column":21},"end":{"line":33,"column":58}},"15":{"start":{"line":34,"column":8},"end":{"line":34,"column":37}},"16":{"start":{"line":37,"column":4},"end":{"line":45,"column":5}},"17":{"start":{"line":39,"column":23},"end":{"line":39,"column":58}},"18":{"start":{"line":40,"column":8},"end":{"line":40,"column":35}},"19":{"start":{"line":44,"column":8},"end":{"line":44,"column":41}},"20":{"start":{"line":47,"column":17},"end":{"line":47,"column":49}},"21":{"start":{"line":48,"column":18},"end":{"line":48,"column":52}},"22":{"start":{"line":49,"column":23},"end":{"line":49,"column":39}},"23":{"start":{"line":50,"column":21},"end":{"line":50,"column":33}},"24":{"start":{"line":51,"column":18},"end":{"line":51,"column":71}},"25":{"start":{"line":53,"column":4},"end":{"line":53,"column":48}},"26":{"start":{"line":55,"column":22},"end":{"line":55,"column":24}},"27":{"start":{"line":57,"column":4},"end":{"line":63,"column":5}},"28":{"start":{"line":59,"column":8},"end":{"line":62,"column":9}},"29":{"start":{"line":65,"column":4},"end":{"line":70,"column":5}},"30":{"start":{"line":66,"column":8},"end":{"line":69,"column":9}},"31":{"start":{"line":72,"column":4},"end":{"line":84,"column":5}},"32":{"start":{"line":73,"column":28},"end":{"line":73,"column":39}},"33":{"start":{"line":76,"column":8},"end":{"line":81,"column":11}},"34":{"start":{"line":83,"column":8},"end":{"line":83,"column":46}},"35":{"start":{"line":89,"column":0},"end":{"line":116,"column":2}},"36":{"start":{"line":90,"column":4},"end":{"line":115,"column":5}},"37":{"start":{"line":91,"column":8},"end":{"line":93,"column":9}},"38":{"start":{"line":92,"column":12},"end":{"line":92,"column":90}},"39":{"start":{"line":95,"column":20},"end":{"line":104,"column":14}},"40":{"start":{"line":106,"column":27},"end":{"line":106,"column":38}},"41":{"start":{"line":108,"column":8},"end":{"line":110,"column":9}},"42":{"start":{"line":109,"column":12},"end":{"line":109,"column":58}},"43":{"start":{"line":112,"column":8},"end":{"line":112,"column":63}},"44":{"start":{"line":114,"column":8},"end":{"line":114,"column":47}},"45":{"start":{"line":119,"column":0},"end":{"line":156,"column":2}},"46":{"start":{"line":120,"column":4},"end":{"line":155,"column":5}},"47":{"start":{"line":130,"column":8},"end":{"line":130,"column":37}},"48":{"start":{"line":131,"column":8},"end":{"line":131,"column":36}},"49":{"start":{"line":132,"column":27},"end":{"line":132,"column":60}},"50":{"start":{"line":134,"column":8},"end":{"line":137,"column":11}},"51":{"start":{"line":140,"column":8},"end":{"line":147,"column":9}},"52":{"start":{"line":141,"column":27},"end":{"line":141,"column":72}},"53":{"start":{"line":141,"column":62},"end":{"line":141,"column":71}},"54":{"start":{"line":143,"column":12},"end":{"line":146,"column":15}},"55":{"start":{"line":148,"column":8},"end":{"line":153,"column":9}},"56":{"start":{"line":149,"column":12},"end":{"line":152,"column":15}},"57":{"start":{"line":154,"column":8},"end":{"line":154,"column":49}},"58":{"start":{"line":159,"column":0},"end":{"line":193,"column":2}},"59":{"start":{"line":160,"column":4},"end":{"line":192,"column":5}},"60":{"start":{"line":161,"column":8},"end":{"line":163,"column":9}},"61":{"start":{"line":162,"column":12},"end":{"line":162,"column":90}},"62":{"start":{"line":164,"column":25},"end":{"line":164,"column":65}},"63":{"start":{"line":166,"column":8},"end":{"line":168,"column":9}},"64":{"start":{"line":167,"column":12},"end":{"line":167,"column":58}},"65":{"start":{"line":170,"column":8},"end":{"line":175,"column":9}},"66":{"start":{"line":171,"column":12},"end":{"line":174,"column":15}},"67":{"start":{"line":176,"column":8},"end":{"line":179,"column":11}},"68":{"start":{"line":181,"column":8},"end":{"line":181,"column":64}},"69":{"start":{"line":183,"column":8},"end":{"line":190,"column":9}},"70":{"start":{"line":184,"column":27},"end":{"line":184,"column":72}},"71":{"start":{"line":184,"column":62},"end":{"line":184,"column":71}},"72":{"start":{"line":186,"column":12},"end":{"line":189,"column":15}},"73":{"start":{"line":191,"column":8},"end":{"line":191,"column":47}},"74":{"start":{"line":196,"column":0},"end":{"line":224,"column":2}},"75":{"start":{"line":197,"column":4},"end":{"line":223,"column":5}},"76":{"start":{"line":198,"column":8},"end":{"line":200,"column":9}},"77":{"start":{"line":199,"column":12},"end":{"line":199,"column":90}},"78":{"start":{"line":202,"column":27},"end":{"line":202,"column":67}},"79":{"start":{"line":204,"column":8},"end":{"line":207,"column":9}},"80":{"start":{"line":206,"column":12},"end":{"line":206,"column":117}},"81":{"start":{"line":209,"column":8},"end":{"line":214,"column":9}},"82":{"start":{"line":210,"column":12},"end":{"line":213,"column":15}},"83":{"start":{"line":216,"column":8},"end":{"line":216,"column":68}},"84":{"start":{"line":217,"column":8},"end":{"line":217,"column":59}},"85":{"start":{"line":219,"column":8},"end":{"line":219,"column":55}},"86":{"start":{"line":222,"column":8},"end":{"line":222,"column":46}}},"fnMap":{"0":{"name":"(anonymous_0)","decl":{"start":{"line":7,"column":25},"end":{"line":7,"column":26}},"loc":{"start":{"line":7,"column":47},"end":{"line":86,"column":1}},"line":7},"1":{"name":"(anonymous_1)","decl":{"start":{"line":14,"column":25},"end":{"line":14,"column":26}},"loc":{"start":{"line":14,"column":32},"end":{"line":14,"column":54}},"line":14},"2":{"name":"(anonymous_2)","decl":{"start":{"line":18,"column":59},"end":{"line":18,"column":60}},"loc":{"start":{"line":18,"column":66},"end":{"line":18,"column":77}},"line":18},"3":{"name":"(anonymous_3)","decl":{"start":{"line":89,"column":24},"end":{"line":89,"column":25}},"loc":{"start":{"line":89,"column":46},"end":{"line":116,"column":1}},"line":89},"4":{"name":"(anonymous_4)","decl":{"start":{"line":119,"column":27},"end":{"line":119,"column":28}},"loc":{"start":{"line":119,"column":48},"end":{"line":156,"column":1}},"line":119},"5":{"name":"(anonymous_5)","decl":{"start":{"line":141,"column":57},"end":{"line":141,"column":58}},"loc":{"start":{"line":141,"column":62},"end":{"line":141,"column":71}},"line":141},"6":{"name":"(anonymous_6)","decl":{"start":{"line":159,"column":26},"end":{"line":159,"column":27}},"loc":{"start":{"line":159,"column":50},"end":{"line":193,"column":1}},"line":159},"7":{"name":"(anonymous_7)","decl":{"start":{"line":184,"column":57},"end":{"line":184,"column":58}},"loc":{"start":{"line":184,"column":62},"end":{"line":184,"column":71}},"line":184},"8":{"name":"(anonymous_8)","decl":{"start":{"line":196,"column":27},"end":{"line":196,"column":28}},"loc":{"start":{"line":196,"column":49},"end":{"line":224,"column":1}},"line":196}},"branchMap":{"0":{"loc":{"start":{"line":31,"column":4},"end":{"line":35,"column":5}},"type":"if","locations":[{"start":{"line":31,"column":4},"end":{"line":35,"column":5}},{"start":{},"end":{}}],"line":31},"1":{"loc":{"start":{"line":37,"column":4},"end":{"line":45,"column":5}},"type":"if","locations":[{"start":{"line":37,"column":4},"end":{"line":45,"column":5}},{"start":{"line":43,"column":4},"end":{"line":45,"column":5}}],"line":37},"2":{"loc":{"start":{"line":47,"column":17},"end":{"line":47,"column":49}},"type":"binary-expr","locations":[{"start":{"line":47,"column":17},"end":{"line":47,"column":44}},{"start":{"line":47,"column":48},"end":{"line":47,"column":49}}],"line":47},"3":{"loc":{"start":{"line":48,"column":18},"end":{"line":48,"column":52}},"type":"binary-expr","locations":[{"start":{"line":48,"column":18},"end":{"line":48,"column":46}},{"start":{"line":48,"column":50},"end":{"line":48,"column":52}}],"line":48},"4":{"loc":{"start":{"line":57,"column":4},"end":{"line":63,"column":5}},"type":"if","locations":[{"start":{"line":57,"column":4},"end":{"line":63,"column":5}},{"start":{},"end":{}}],"line":57},"5":{"loc":{"start":{"line":65,"column":4},"end":{"line":70,"column":5}},"type":"if","locations":[{"start":{"line":65,"column":4},"end":{"line":70,"column":5}},{"start":{},"end":{}}],"line":65},"6":{"loc":{"start":{"line":91,"column":8},"end":{"line":93,"column":9}},"type":"if","locations":[{"start":{"line":91,"column":8},"end":{"line":93,"column":9}},{"start":{},"end":{}}],"line":91},"7":{"loc":{"start":{"line":108,"column":8},"end":{"line":110,"column":9}},"type":"if","locations":[{"start":{"line":108,"column":8},"end":{"line":110,"column":9}},{"start":{},"end":{}}],"line":108},"8":{"loc":{"start":{"line":140,"column":8},"end":{"line":147,"column":9}},"type":"if","locations":[{"start":{"line":140,"column":8},"end":{"line":147,"column":9}},{"start":{},"end":{}}],"line":140},"9":{"loc":{"start":{"line":148,"column":8},"end":{"line":153,"column":9}},"type":"if","locations":[{"start":{"line":148,"column":8},"end":{"line":153,"column":9}},{"start":{},"end":{}}],"line":148},"10":{"loc":{"start":{"line":161,"column":8},"end":{"line":163,"column":9}},"type":"if","locations":[{"start":{"line":161,"column":8},"end":{"line":163,"column":9}},{"start":{},"end":{}}],"line":161},"11":{"loc":{"start":{"line":166,"column":8},"end":{"line":168,"column":9}},"type":"if","locations":[{"start":{"line":166,"column":8},"end":{"line":168,"column":9}},{"start":{},"end":{}}],"line":166},"12":{"loc":{"start":{"line":170,"column":8},"end":{"line":175,"column":9}},"type":"if","locations":[{"start":{"line":170,"column":8},"end":{"line":175,"column":9}},{"start":{},"end":{}}],"line":170},"13":{"loc":{"start":{"line":170,"column":11},"end":{"line":170,"column":82}},"type":"binary-expr","locations":[{"start":{"line":170,"column":11},"end":{"line":170,"column":53}},{"start":{"line":170,"column":57},"end":{"line":170,"column":82}}],"line":170},"14":{"loc":{"start":{"line":183,"column":8},"end":{"line":190,"column":9}},"type":"if","locations":[{"start":{"line":183,"column":8},"end":{"line":190,"column":9}},{"start":{},"end":{}}],"line":183},"15":{"loc":{"start":{"line":198,"column":8},"end":{"line":200,"column":9}},"type":"if","locations":[{"start":{"line":198,"column":8},"end":{"line":200,"column":9}},{"start":{},"end":{}}],"line":198},"16":{"loc":{"start":{"line":204,"column":8},"end":{"line":207,"column":9}},"type":"if","locations":[{"start":{"line":204,"column":8},"end":{"line":207,"column":9}},{"start":{},"end":{}}],"line":204},"17":{"loc":{"start":{"line":209,"column":8},"end":{"line":214,"column":9}},"type":"if","locations":[{"start":{"line":209,"column":8},"end":{"line":214,"column":9}},{"start":{},"end":{}}],"line":209},"18":{"loc":{"start":{"line":209,"column":11},"end":{"line":209,"column":82}},"type":"binary-expr","locations":[{"start":{"line":209,"column":11},"end":{"line":209,"column":53}},{"start":{"line":209,"column":57},"end":{"line":209,"column":82}}],"line":209}},"s":{"0":1,"1":1,"2":1,"3":1,"4":1,"5":7,"6":7,"7":7,"8":28,"9":7,"10":7,"11":2,"12":7,"13":7,"14":1,"15":1,"16":7,"17":1,"18":1,"19":6,"20":7,"21":7,"22":7,"23":7,"24":7,"25":7,"26":7,"27":7,"28":2,"29":7,"30":1,"31":7,"32":7,"33":6,"34":1,"35":1,"36":4,"37":4,"38":1,"39":3,"40":2,"41":2,"42":1,"43":1,"44":1,"45":1,"46":4,"47":4,"48":4,"49":4,"50":1,"51":3,"52":1,"53":1,"54":1,"55":2,"56":1,"57":1,"58":1,"59":7,"60":7,"61":1,"62":6,"63":6,"64":1,"65":5,"66":1,"67":4,"68":2,"69":2,"70":1,"71":1,"72":1,"73":1,"74":1,"75":6,"76":6,"77":1,"78":5,"79":4,"80":1,"81":3,"82":1,"83":2,"84":2,"85":2,"86":1},"f":{"0":7,"1":28,"2":2,"3":4,"4":4,"5":1,"6":7,"7":1,"8":6},"b":{"0":[1,6],"1":[1,6],"2":[7,4],"3":[7,4],"4":[2,5],"5":[1,6],"6":[1,3],"7":[1,1],"8":[1,2],"9":[1,1],"10":[1,6],"11":[1,5],"12":[1,4],"13":[5,2],"14":[1,1],"15":[1,5],"16":[1,3],"17":[1,2],"18":[3,2]},"_coverageSchema":"1a1c01bbd47fc00a2c39e90264f33305004495a9","hash":"37cc1576b1e29d1de7ab7a798065972973fac889"}
,"C:\\Users\\Korn\\Desktop\\se-project-be-68-2-matikanetannhauser\\middleware\\auth.js": {"path":"C:\\Users\\Korn\\Desktop\\se-project-be-68-2-matikanetannhauser\\middleware\\auth.js","statementMap":{"0":{"start":{"line":1,"column":12},"end":{"line":1,"column":35}},"1":{"start":{"line":2,"column":13},"end":{"line":2,"column":38}},"2":{"start":{"line":4,"column":0},"end":{"line":33,"column":2}},"3":{"start":{"line":7,"column":4},"end":{"line":9,"column":5}},"4":{"start":{"line":8,"column":8},"end":{"line":8,"column":56}},"5":{"start":{"line":11,"column":4},"end":{"line":16,"column":5}},"6":{"start":{"line":12,"column":8},"end":{"line":15,"column":11}},"7":{"start":{"line":18,"column":4},"end":{"line":32,"column":5}},"8":{"start":{"line":19,"column":24},"end":{"line":19,"column":65}},"9":{"start":{"line":23,"column":8},"end":{"line":23,"column":51}},"10":{"start":{"line":25,"column":8},"end":{"line":25,"column":15}},"11":{"start":{"line":27,"column":8},"end":{"line":27,"column":31}},"12":{"start":{"line":28,"column":8},"end":{"line":31,"column":11}},"13":{"start":{"line":35,"column":0},"end":{"line":45,"column":2}},"14":{"start":{"line":36,"column":4},"end":{"line":44,"column":5}},"15":{"start":{"line":37,"column":8},"end":{"line":42,"column":9}},"16":{"start":{"line":38,"column":12},"end":{"line":41,"column":15}},"17":{"start":{"line":43,"column":8},"end":{"line":43,"column":15}}},"fnMap":{"0":{"name":"(anonymous_0)","decl":{"start":{"line":4,"column":18},"end":{"line":4,"column":19}},"loc":{"start":{"line":4,"column":44},"end":{"line":33,"column":1}},"line":4},"1":{"name":"(anonymous_1)","decl":{"start":{"line":35,"column":20},"end":{"line":35,"column":21}},"loc":{"start":{"line":35,"column":34},"end":{"line":45,"column":1}},"line":35},"2":{"name":"(anonymous_2)","decl":{"start":{"line":36,"column":11},"end":{"line":36,"column":12}},"loc":{"start":{"line":36,"column":31},"end":{"line":44,"column":5}},"line":36}},"branchMap":{"0":{"loc":{"start":{"line":7,"column":4},"end":{"line":9,"column":5}},"type":"if","locations":[{"start":{"line":7,"column":4},"end":{"line":9,"column":5}},{"start":{},"end":{}}],"line":7},"1":{"loc":{"start":{"line":7,"column":7},"end":{"line":7,"column":82}},"type":"binary-expr","locations":[{"start":{"line":7,"column":7},"end":{"line":7,"column":32}},{"start":{"line":7,"column":36},"end":{"line":7,"column":82}}],"line":7},"2":{"loc":{"start":{"line":11,"column":4},"end":{"line":16,"column":5}},"type":"if","locations":[{"start":{"line":11,"column":4},"end":{"line":16,"column":5}},{"start":{},"end":{}}],"line":11},"3":{"loc":{"start":{"line":11,"column":7},"end":{"line":11,"column":32}},"type":"binary-expr","locations":[{"start":{"line":11,"column":7},"end":{"line":11,"column":13}},{"start":{"line":11,"column":17},"end":{"line":11,"column":32}}],"line":11},"4":{"loc":{"start":{"line":37,"column":8},"end":{"line":42,"column":9}},"type":"if","locations":[{"start":{"line":37,"column":8},"end":{"line":42,"column":9}},{"start":{},"end":{}}],"line":37}},"s":{"0":1,"1":1,"2":1,"3":4,"4":3,"5":4,"6":2,"7":2,"8":2,"9":1,"10":1,"11":1,"12":1,"13":1,"14":2,"15":2,"16":1,"17":1},"f":{"0":4,"1":2,"2":2},"b":{"0":[3,1],"1":[4,3],"2":[2,2],"3":[4,3],"4":[1,1]},"_coverageSchema":"1a1c01bbd47fc00a2c39e90264f33305004495a9","hash":"25879a43257afd99cfc830d24d203096c6f245af"}
,"C:\\Users\\Korn\\Desktop\\se-project-be-68-2-matikanetannhauser\\models\\Comment.js": {"path":"C:\\Users\\Korn\\Desktop\\se-project-be-68-2-matikanetannhauser\\models\\Comment.js","statementMap":{"0":{"start":{"line":1,"column":17},"end":{"line":1,"column":36}},"1":{"start":{"line":3,"column":22},"end":{"line":31,"column":2}},"2":{"start":{"line":33,"column":0},"end":{"line":33,"column":58}}},"fnMap":{},"branchMap":{},"s":{"0":3,"1":3,"2":3},"f":{},"b":{},"_coverageSchema":"1a1c01bbd47fc00a2c39e90264f33305004495a9","hash":"d5f4bb6ea12bcd11156ab5ea4b0b91f019723f4b"}
,"C:\\Users\\Korn\\Desktop\\se-project-be-68-2-matikanetannhauser\\models\\Reservation.js": {"path":"C:\\Users\\Korn\\Desktop\\se-project-be-68-2-matikanetannhauser\\models\\Reservation.js","statementMap":{"0":{"start":{"line":1,"column":17},"end":{"line":1,"column":36}},"1":{"start":{"line":3,"column":26},"end":{"line":22,"column":2}},"2":{"start":{"line":24,"column":0},"end":{"line":24,"column":66}}},"fnMap":{},"branchMap":{},"s":{"0":3,"1":3,"2":3},"f":{},"b":{},"_coverageSchema":"1a1c01bbd47fc00a2c39e90264f33305004495a9","hash":"6f4596ce61e19c10d167b7e96844f66c50df2480"}
,"C:\\Users\\Korn\\Desktop\\se-project-be-68-2-matikanetannhauser\\models\\Restaurant.js": {"path":"C:\\Users\\Korn\\Desktop\\se-project-be-68-2-matikanetannhauser\\models\\Restaurant.js","statementMap":{"0":{"start":{"line":1,"column":17},"end":{"line":1,"column":36}},"1":{"start":{"line":2,"column":25},"end":{"line":42,"column":2}},"2":{"start":{"line":44,"column":0},"end":{"line":49,"column":3}},"3":{"start":{"line":51,"column":0},"end":{"line":56,"column":3}},"4":{"start":{"line":58,"column":0},"end":{"line":63,"column":3}},"5":{"start":{"line":65,"column":0},"end":{"line":65,"column":61}}},"fnMap":{},"branchMap":{},"s":{"0":4,"1":4,"2":4,"3":4,"4":4,"5":4},"f":{},"b":{},"_coverageSchema":"1a1c01bbd47fc00a2c39e90264f33305004495a9","hash":"7c46966070973c33b099f549c7f139cfe6582a85"}
,"C:\\Users\\Korn\\Desktop\\se-project-be-68-2-matikanetannhauser\\models\\User.js": {"path":"C:\\Users\\Korn\\Desktop\\se-project-be-68-2-matikanetannhauser\\models\\User.js","statementMap":{"0":{"start":{"line":1,"column":17},"end":{"line":1,"column":36}},"1":{"start":{"line":2,"column":15},"end":{"line":2,"column":34}},"2":{"start":{"line":3,"column":12},"end":{"line":3,"column":35}},"3":{"start":{"line":5,"column":19},"end":{"line":45,"column":2}},"4":{"start":{"line":47,"column":0},"end":{"line":50,"column":3}},"5":{"start":{"line":48,"column":17},"end":{"line":48,"column":41}},"6":{"start":{"line":49,"column":4},"end":{"line":49,"column":59}},"7":{"start":{"line":52,"column":0},"end":{"line":58,"column":2}},"8":{"start":{"line":53,"column":4},"end":{"line":57,"column":6}},"9":{"start":{"line":60,"column":0},"end":{"line":62,"column":1}},"10":{"start":{"line":61,"column":4},"end":{"line":61,"column":64}},"11":{"start":{"line":64,"column":0},"end":{"line":64,"column":52}}},"fnMap":{"0":{"name":"(anonymous_0)","decl":{"start":{"line":47,"column":23},"end":{"line":47,"column":24}},"loc":{"start":{"line":47,"column":43},"end":{"line":50,"column":1}},"line":47},"1":{"name":"(anonymous_1)","decl":{"start":{"line":52,"column":39},"end":{"line":52,"column":40}},"loc":{"start":{"line":52,"column":49},"end":{"line":58,"column":1}},"line":52},"2":{"name":"(anonymous_2)","decl":{"start":{"line":60,"column":35},"end":{"line":60,"column":36}},"loc":{"start":{"line":60,"column":66},"end":{"line":62,"column":1}},"line":60}},"branchMap":{},"s":{"0":3,"1":3,"2":3,"3":3,"4":3,"5":1,"6":1,"7":3,"8":1,"9":3,"10":1,"11":3},"f":{"0":1,"1":1,"2":1},"b":{},"_coverageSchema":"1a1c01bbd47fc00a2c39e90264f33305004495a9","hash":"a70d236a99b5bffc46312e5d1003197cc78e8426"}
}
