TN:
SF:controllers\auth.js
FN:3,(anonymous_0)
FN:41,(anonymous_1)
FN:78,(anonymous_2)
FN:96,(anonymous_3)
FN:104,(anonymous_4)
FN:112,(anonymous_5)
FNF:6
FNH:6
FNDA:7,(anonymous_0)
FNDA:4,(anonymous_1)
FNDA:4,(anonymous_2)
FNDA:1,(anonymous_3)
FNDA:1,(anonymous_4)
FNDA:1,(anonymous_5)
DA:1,1
DA:3,1
DA:4,7
DA:5,7
DA:7,7
DA:8,1
DA:14,6
DA:16,5
DA:17,1
DA:23,4
DA:25,4
DA:26,1
DA:32,3
DA:34,1
DA:41,1
DA:42,4
DA:43,4
DA:45,4
DA:46,4
DA:48,4
DA:49,1
DA:55,3
DA:56,1
DA:62,2
DA:70,1
DA:73,1
DA:74,1
DA:78,1
DA:79,4
DA:81,4
DA:86,4
DA:87,2
DA:90,4
DA:96,1
DA:97,1
DA:98,1
DA:104,1
DA:105,1
DA:106,1
DA:112,1
DA:113,1
DA:118,1
LF:42
LH:42
BRDA:7,0,0,1
BRDA:7,0,1,6
BRDA:7,1,0,7
BRDA:7,1,1,7
BRDA:16,2,0,1
BRDA:16,2,1,4
BRDA:25,3,0,1
BRDA:25,3,1,3
BRDA:48,4,0,1
BRDA:48,4,1,3
BRDA:55,5,0,1
BRDA:55,5,1,2
BRDA:86,6,0,2
BRDA:86,6,1,2
BRF:14
BRH:14
end_of_record
TN:
SF:controllers\comments.js
FN:9,(anonymous_0)
FN:17,(anonymous_1)
FN:18,(anonymous_2)
FN:27,(anonymous_3)
FN:59,(anonymous_4)
FN:77,(anonymous_5)
FN:120,(anonymous_6)
FN:130,(anonymous_7)
FN:159,(anonymous_8)
FN:169,(anonymous_9)
FNF:10
FNH:10
FNDA:2,(anonymous_0)
FNDA:8,(anonymous_1)
FNDA:5,(anonymous_2)
FNDA:3,(anonymous_3)
FNDA:3,(anonymous_4)
FNDA:6,(anonymous_5)
FNDA:1,(anonymous_6)
FNDA:7,(anonymous_7)
FNDA:1,(anonymous_8)
FNDA:5,(anonymous_9)
DA:1,2
DA:3,2
DA:4,2
DA:6,2
DA:7,2
DA:9,2
DA:10,2
DA:16,2
DA:17,8
DA:18,5
DA:22,2
DA:27,2
DA:28,3
DA:29,3
DA:32,3
DA:37,3
DA:38,1
DA:42,3
DA:44,3
DA:46,2
DA:52,1
DA:53,1
DA:59,2
DA:60,3
DA:61,3
DA:65,2
DA:66,1
DA:69,1
DA:71,1
DA:77,2
DA:78,6
DA:79,6
DA:80,6
DA:82,6
DA:83,5
DA:84,1
DA:87,4
DA:88,4
DA:93,4
DA:94,1
DA:100,3
DA:105,3
DA:106,1
DA:112,2
DA:113,2
DA:115,1
DA:116,1
DA:119,2
DA:120,1
DA:121,1
DA:123,1
DA:124,1
DA:130,2
DA:131,7
DA:132,7
DA:134,4
DA:135,1
DA:138,3
DA:139,1
DA:142,2
DA:143,2
DA:145,2
DA:150,1
DA:152,4
DA:153,2
DA:158,2
DA:159,1
DA:160,1
DA:162,1
DA:163,1
DA:169,2
DA:170,5
DA:171,5
DA:173,4
DA:174,1
DA:177,3
DA:178,1
DA:181,2
DA:183,1
DA:189,2
DA:190,2
LF:81
LH:81
BRDA:18,0,0,4
BRDA:18,0,1,1
BRDA:37,1,0,1
BRDA:37,1,1,2
BRDA:42,2,0,1
BRDA:42,2,1,2
BRDA:65,3,0,1
BRDA:65,3,1,1
BRDA:83,4,0,1
BRDA:83,4,1,4
BRDA:93,5,0,1
BRDA:93,5,1,3
BRDA:105,6,0,1
BRDA:105,6,1,2
BRDA:119,7,0,1
BRDA:119,7,1,1
BRDA:134,8,0,1
BRDA:134,8,1,3
BRDA:138,9,0,1
BRDA:138,9,1,2
BRDA:138,10,0,3
BRDA:138,10,1,1
BRDA:152,11,0,2
BRDA:152,11,1,2
BRDA:158,12,0,1
BRDA:158,12,1,1
BRDA:173,13,0,1
BRDA:173,13,1,3
BRDA:177,14,0,1
BRDA:177,14,1,2
BRDA:177,15,0,3
BRDA:177,15,1,1
BRF:32
BRH:32
end_of_record
TN:
SF:controllers\reservation.js
FN:17,(anonymous_0)
FN:53,(anonymous_1)
FN:85,(anonymous_2)
FN:167,(anonymous_3)
FN:262,(anonymous_4)
FNF:5
FNH:5
FNDA:5,(anonymous_0)
FNDA:5,(anonymous_1)
FNDA:11,(anonymous_2)
FNDA:12,(anonymous_3)
FNDA:5,(anonymous_4)
DA:1,1
DA:2,1
DA:5,1
DA:17,1
DA:20,5
DA:21,3
DA:22,1
DA:23,1
DA:25,2
DA:28,2
DA:29,1
DA:30,1
DA:32,1
DA:36,5
DA:37,5
DA:39,4
DA:45,1
DA:46,1
DA:53,1
DA:54,5
DA:55,5
DA:57,4
DA:58,1
DA:66,3
DA:67,1
DA:72,2
DA:77,1
DA:78,1
DA:85,1
DA:86,11
DA:87,11
DA:89,11
DA:90,10
DA:91,1
DA:97,9
DA:98,8
DA:103,9
DA:104,8
DA:109,9
DA:110,9
DA:111,9
DA:112,8
DA:114,7
DA:116,7
DA:117,7
DA:118,7
DA:119,1
DA:125,6
DA:126,1
DA:132,5
DA:133,1
DA:139,4
DA:140,4
DA:141,4
DA:142,1
DA:149,3
DA:152,3
DA:154,3
DA:159,3
DA:160,3
DA:167,1
DA:168,12
DA:169,12
DA:171,11
DA:172,1
DA:178,10
DA:179,1
DA:186,9
DA:187,8
DA:192,9
DA:193,8
DA:199,9
DA:200,7
DA:202,2
DA:204,9
DA:205,1
DA:211,8
DA:212,8
DA:213,8
DA:214,8
DA:215,8
DA:216,8
DA:218,8
DA:221,8
DA:222,8
DA:223,8
DA:224,1
DA:230,7
DA:231,1
DA:237,6
DA:238,1
DA:244,5
DA:249,5
DA:254,1
DA:255,1
DA:262,1
DA:263,5
DA:264,5
DA:265,4
DA:266,1
DA:272,3
DA:273,1
DA:278,2
DA:279,2
DA:284,1
DA:285,1
LF:106
LH:106
BRDA:20,0,0,3
BRDA:20,0,1,2
BRDA:21,1,0,1
BRDA:21,1,1,2
BRDA:28,2,0,1
BRDA:28,2,1,1
BRDA:57,3,0,1
BRDA:57,3,1,3
BRDA:66,4,0,1
BRDA:66,4,1,2
BRDA:66,5,0,3
BRDA:66,5,1,2
BRDA:90,6,0,1
BRDA:90,6,1,9
BRDA:97,7,0,8
BRDA:97,7,1,1
BRDA:103,8,0,8
BRDA:103,8,1,1
BRDA:118,9,0,1
BRDA:118,9,1,6
BRDA:125,10,0,1
BRDA:125,10,1,5
BRDA:132,11,0,1
BRDA:132,11,1,4
BRDA:132,12,0,5
BRDA:132,12,1,5
BRDA:141,13,0,1
BRDA:141,13,1,3
BRDA:141,14,0,4
BRDA:141,14,1,2
BRDA:171,15,0,1
BRDA:171,15,1,10
BRDA:178,16,0,1
BRDA:178,16,1,9
BRDA:178,17,0,10
BRDA:178,17,1,2
BRDA:186,18,0,8
BRDA:186,18,1,1
BRDA:192,19,0,8
BRDA:192,19,1,1
BRDA:199,20,0,7
BRDA:199,20,1,2
BRDA:202,21,0,2
BRDA:202,21,1,1
BRDA:204,22,0,1
BRDA:204,22,1,8
BRDA:213,23,0,8
BRDA:213,23,1,1
BRDA:214,24,0,8
BRDA:214,24,1,1
BRDA:223,25,0,1
BRDA:223,25,1,7
BRDA:230,26,0,1
BRDA:230,26,1,6
BRDA:237,27,0,1
BRDA:237,27,1,5
BRDA:237,28,0,6
BRDA:237,28,1,6
BRDA:265,29,0,1
BRDA:265,29,1,3
BRDA:272,30,0,1
BRDA:272,30,1,2
BRDA:272,31,0,3
BRDA:272,31,1,2
BRF:64
BRH:64
end_of_record
TN:
SF:controllers\restaurants.js
FN:7,(anonymous_0)
FN:14,(anonymous_1)
FN:18,(anonymous_2)
FN:89,(anonymous_3)
FN:119,(anonymous_4)
FN:141,(anonymous_5)
FN:159,(anonymous_6)
FN:184,(anonymous_7)
FN:196,(anonymous_8)
FNF:9
FNH:9
FNDA:7,(anonymous_0)
FNDA:28,(anonymous_1)
FNDA:2,(anonymous_2)
FNDA:4,(anonymous_3)
FNDA:4,(anonymous_4)
FNDA:1,(anonymous_5)
FNDA:7,(anonymous_6)
FNDA:1,(anonymous_7)
FNDA:6,(anonymous_8)
DA:1,1
DA:2,1
DA:3,1
DA:4,1
DA:7,1
DA:10,7
DA:12,7
DA:14,28
DA:17,7
DA:18,7
DA:20,7
DA:31,7
DA:33,1
DA:34,1
DA:37,7
DA:39,1
DA:40,1
DA:44,6
DA:47,7
DA:48,7
DA:49,7
DA:50,7
DA:51,7
DA:53,7
DA:55,7
DA:57,7
DA:59,2
DA:65,7
DA:66,1
DA:72,7
DA:73,7
DA:76,6
DA:83,1
DA:89,1
DA:90,4
DA:91,4
DA:92,1
DA:95,3
DA:106,2
DA:108,2
DA:109,1
DA:112,1
DA:114,1
DA:119,1
DA:120,4
DA:130,4
DA:131,4
DA:132,4
DA:134,1
DA:140,3
DA:141,1
DA:143,1
DA:148,2
DA:149,1
DA:154,1
DA:159,1
DA:160,7
DA:161,7
DA:162,1
DA:164,6
DA:166,6
DA:167,1
DA:170,5
DA:171,1
DA:176,4
DA:181,2
DA:183,2
DA:184,1
DA:186,1
DA:191,1
DA:196,1
DA:197,6
DA:198,6
DA:199,1
DA:202,5
DA:204,4
DA:206,1
DA:209,3
DA:210,1
DA:216,2
DA:217,2
DA:219,2
DA:222,1
LF:83
LH:83
BRDA:31,0,0,1
BRDA:31,0,1,6
BRDA:37,1,0,1
BRDA:37,1,1,6
BRDA:47,2,0,7
BRDA:47,2,1,4
BRDA:48,3,0,7
BRDA:48,3,1,4
BRDA:57,4,0,2
BRDA:57,4,1,5
BRDA:65,5,0,1
BRDA:65,5,1,6
BRDA:91,6,0,1
BRDA:91,6,1,3
BRDA:108,7,0,1
BRDA:108,7,1,1
BRDA:140,8,0,1
BRDA:140,8,1,2
BRDA:148,9,0,1
BRDA:148,9,1,1
BRDA:161,10,0,1
BRDA:161,10,1,6
BRDA:166,11,0,1
BRDA:166,11,1,5
BRDA:170,12,0,1
BRDA:170,12,1,4
BRDA:170,13,0,5
BRDA:170,13,1,2
BRDA:183,14,0,1
BRDA:183,14,1,1
BRDA:198,15,0,1
BRDA:198,15,1,5
BRDA:204,16,0,1
BRDA:204,16,1,3
BRDA:209,17,0,1
BRDA:209,17,1,2
BRDA:209,18,0,3
BRDA:209,18,1,2
BRF:38
BRH:38
end_of_record
TN:
SF:middleware\auth.js
FN:4,(anonymous_0)
FN:35,(anonymous_1)
FN:36,(anonymous_2)
FNF:3
FNH:3
FNDA:4,(anonymous_0)
FNDA:2,(anonymous_1)
FNDA:2,(anonymous_2)
DA:1,1
DA:2,1
DA:4,1
DA:7,4
DA:8,3
DA:11,4
DA:12,2
DA:18,2
DA:19,2
DA:23,1
DA:25,1
DA:27,1
DA:28,1
DA:35,1
DA:36,2
DA:37,2
DA:38,1
DA:43,1
LF:18
LH:18
BRDA:7,0,0,3
BRDA:7,0,1,1
BRDA:7,1,0,4
BRDA:7,1,1,3
BRDA:11,2,0,2
BRDA:11,2,1,2
BRDA:11,3,0,4
BRDA:11,3,1,3
BRDA:37,4,0,1
BRDA:37,4,1,1
BRF:10
BRH:10
end_of_record
TN:
SF:models\Comment.js
FNF:0
FNH:0
DA:1,3
DA:3,3
DA:33,3
LF:3
LH:3
BRF:0
BRH:0
end_of_record
TN:
SF:models\Reservation.js
FNF:0
FNH:0
DA:1,3
DA:3,3
DA:24,3
LF:3
LH:3
BRF:0
BRH:0
end_of_record
TN:
SF:models\Restaurant.js
FNF:0
FNH:0
DA:1,4
DA:2,4
DA:44,4
DA:51,4
DA:58,4
DA:65,4
LF:6
LH:6
BRF:0
BRH:0
end_of_record
TN:
SF:models\User.js
FN:47,(anonymous_0)
FN:52,(anonymous_1)
FN:60,(anonymous_2)
FNF:3
FNH:3
FNDA:1,(anonymous_0)
FNDA:1,(anonymous_1)
FNDA:1,(anonymous_2)
DA:1,3
DA:2,3
DA:3,3
DA:5,3
DA:47,3
DA:48,1
DA:49,1
DA:52,3
DA:53,1
DA:60,3
DA:61,1
DA:64,3
LF:12
LH:12
BRF:0
BRH:0
end_of_record
