TN:
SF:controllers\auth.js
FN:3,(anonymous_0)
FN:41,(anonymous_1)
FN:78,(anonymous_2)
FN:96,(anonymous_3)
FN:104,(anonymous_4)
FN:112,(anonymous_5)
FNF:6
FNH:6
FNDA:5,(anonymous_0)
FNDA:4,(anonymous_1)
FNDA:2,(anonymous_2)
FNDA:1,(anonymous_3)
FNDA:1,(anonymous_4)
FNDA:1,(anonymous_5)
DA:1,1
DA:3,1
DA:4,5
DA:5,5
DA:7,5
DA:8,1
DA:14,4
DA:16,3
DA:17,1
DA:23,2
DA:25,2
DA:26,1
DA:32,1
DA:34,1
DA:41,1
DA:42,4
DA:43,4
DA:45,4
DA:46,4
DA:48,4
DA:49,1
DA:55,3
DA:56,1
DA:62,2
DA:70,1
DA:73,1
DA:74,1
DA:78,1
DA:79,2
DA:81,2
DA:86,2
DA:87,0
DA:90,2
DA:96,1
DA:97,1
DA:98,1
DA:104,1
DA:105,1
DA:106,1
DA:112,1
DA:113,1
DA:118,1
LF:42
LH:41
BRDA:7,0,0,1
BRDA:7,0,1,4
BRDA:7,1,0,5
BRDA:7,1,1,5
BRDA:16,2,0,1
BRDA:16,2,1,2
BRDA:25,3,0,1
BRDA:25,3,1,1
BRDA:48,4,0,1
BRDA:48,4,1,3
BRDA:55,5,0,1
BRDA:55,5,1,2
BRDA:86,6,0,0
BRDA:86,6,1,2
BRF:14
BRH:13
end_of_record
TN:
SF:controllers\comments.js
FN:9,(anonymous_0)
FN:17,(anonymous_1)
FN:18,(anonymous_2)
FN:27,(anonymous_3)
FN:59,(anonymous_4)
FN:77,(anonymous_5)
FN:120,(anonymous_6)
FN:130,(anonymous_7)
FN:159,(anonymous_8)
FN:169,(anonymous_9)
FNF:10
FNH:10
FNDA:2,(anonymous_0)
FNDA:8,(anonymous_1)
FNDA:5,(anonymous_2)
FNDA:3,(anonymous_3)
FNDA:3,(anonymous_4)
FNDA:6,(anonymous_5)
FNDA:1,(anonymous_6)
FNDA:7,(anonymous_7)
FNDA:1,(anonymous_8)
FNDA:5,(anonymous_9)
DA:1,2
DA:3,2
DA:4,2
DA:6,2
DA:7,2
DA:9,2
DA:10,2
DA:16,2
DA:17,8
DA:18,5
DA:22,2
DA:27,2
DA:28,3
DA:29,3
DA:32,3
DA:37,3
DA:38,1
DA:42,3
DA:44,3
DA:46,2
DA:52,1
DA:53,1
DA:59,2
DA:60,3
DA:61,3
DA:65,2
DA:66,1
DA:69,1
DA:71,1
DA:77,2
DA:78,6
DA:79,6
DA:80,6
DA:82,6
DA:83,5
DA:84,1
DA:87,4
DA:88,4
DA:93,4
DA:94,1
DA:100,3
DA:105,3
DA:106,1
DA:112,2
DA:113,2
DA:115,1
DA:116,1
DA:119,2
DA:120,1
DA:121,1
DA:123,1
DA:124,1
DA:130,2
DA:131,7
DA:132,7
DA:134,4
DA:135,1
DA:138,3
DA:139,1
DA:142,2
DA:143,2
DA:145,2
DA:150,1
DA:152,4
DA:153,2
DA:158,2
DA:159,1
DA:160,1
DA:162,1
DA:163,1
DA:169,2
DA:170,5
DA:171,5
DA:173,4
DA:174,1
DA:177,3
DA:178,1
DA:181,2
DA:183,1
DA:189,2
DA:190,2
LF:81
LH:81
BRDA:18,0,0,4
BRDA:18,0,1,1
BRDA:37,1,0,1
BRDA:37,1,1,2
BRDA:42,2,0,1
BRDA:42,2,1,2
BRDA:65,3,0,1
BRDA:65,3,1,1
BRDA:83,4,0,1
BRDA:83,4,1,4
BRDA:93,5,0,1
BRDA:93,5,1,3
BRDA:105,6,0,1
BRDA:105,6,1,2
BRDA:119,7,0,1
BRDA:119,7,1,1
BRDA:134,8,0,1
BRDA:134,8,1,3
BRDA:138,9,0,1
BRDA:138,9,1,2
BRDA:138,10,0,3
BRDA:138,10,1,1
BRDA:152,11,0,2
BRDA:152,11,1,2
BRDA:158,12,0,1
BRDA:158,12,1,1
BRDA:173,13,0,1
BRDA:173,13,1,3
BRDA:177,14,0,1
BRDA:177,14,1,2
BRDA:177,15,0,3
BRDA:177,15,1,1
BRF:32
BRH:32
end_of_record
TN:
SF:controllers\reservation.js
FN:17,(anonymous_0)
FN:53,(anonymous_1)
FN:85,(anonymous_2)
FN:167,(anonymous_3)
FN:262,(anonymous_4)
FNF:5
FNH:5
FNDA:5,(anonymous_0)
FNDA:5,(anonymous_1)
FNDA:16,(anonymous_2)
FNDA:13,(anonymous_3)
FNDA:6,(anonymous_4)
DA:1,1
DA:2,1
DA:5,1
DA:17,1
DA:20,5
DA:21,3
DA:22,1
DA:23,1
DA:25,2
DA:28,2
DA:29,1
DA:30,1
DA:32,1
DA:36,5
DA:37,5
DA:39,4
DA:45,1
DA:46,1
DA:53,1
DA:54,5
DA:55,5
DA:57,4
DA:58,1
DA:66,3
DA:67,1
DA:72,2
DA:77,1
DA:78,1
DA:85,1
DA:86,16
DA:87,16
DA:89,16
DA:90,16
DA:91,1
DA:97,15
DA:98,15
DA:103,15
DA:104,15
DA:109,15
DA:110,15
DA:111,15
DA:112,15
DA:114,15
DA:116,15
DA:117,15
DA:118,15
DA:119,1
DA:125,14
DA:126,2
DA:132,12
DA:133,2
DA:139,10
DA:140,10
DA:141,10
DA:142,1
DA:149,9
DA:152,8
DA:154,8
DA:159,1
DA:160,1
DA:167,1
DA:168,13
DA:169,13
DA:171,13
DA:172,1
DA:178,12
DA:179,1
DA:186,11
DA:187,9
DA:192,11
DA:193,9
DA:199,11
DA:200,9
DA:202,2
DA:204,11
DA:205,1
DA:211,10
DA:212,10
DA:213,10
DA:214,10
DA:215,10
DA:216,10
DA:218,10
DA:221,10
DA:222,10
DA:223,10
DA:224,1
DA:230,9
DA:231,2
DA:237,7
DA:238,2
DA:244,5
DA:249,4
DA:254,1
DA:255,1
DA:262,1
DA:263,6
DA:264,6
DA:265,5
DA:266,1
DA:272,4
DA:273,1
DA:278,3
DA:279,2
DA:284,2
DA:285,2
LF:106
LH:106
BRDA:20,0,0,3
BRDA:20,0,1,2
BRDA:21,1,0,1
BRDA:21,1,1,2
BRDA:28,2,0,1
BRDA:28,2,1,1
BRDA:57,3,0,1
BRDA:57,3,1,3
BRDA:66,4,0,1
BRDA:66,4,1,2
BRDA:66,5,0,3
BRDA:66,5,1,2
BRDA:90,6,0,1
BRDA:90,6,1,15
BRDA:97,7,0,15
BRDA:97,7,1,0
BRDA:103,8,0,15
BRDA:103,8,1,0
BRDA:118,9,0,1
BRDA:118,9,1,14
BRDA:125,10,0,2
BRDA:125,10,1,12
BRDA:132,11,0,2
BRDA:132,11,1,10
BRDA:132,12,0,12
BRDA:132,12,1,11
BRDA:141,13,0,1
BRDA:141,13,1,9
BRDA:141,14,0,10
BRDA:141,14,1,2
BRDA:171,15,0,1
BRDA:171,15,1,12
BRDA:178,16,0,1
BRDA:178,16,1,11
BRDA:178,17,0,12
BRDA:178,17,1,2
BRDA:186,18,0,9
BRDA:186,18,1,2
BRDA:192,19,0,9
BRDA:192,19,1,2
BRDA:199,20,0,9
BRDA:199,20,1,2
BRDA:202,21,0,2
BRDA:202,21,1,1
BRDA:204,22,0,1
BRDA:204,22,1,10
BRDA:213,23,0,10
BRDA:213,23,1,1
BRDA:214,24,0,10
BRDA:214,24,1,1
BRDA:223,25,0,1
BRDA:223,25,1,9
BRDA:230,26,0,2
BRDA:230,26,1,7
BRDA:237,27,0,2
BRDA:237,27,1,5
BRDA:237,28,0,7
BRDA:237,28,1,6
BRDA:265,29,0,1
BRDA:265,29,1,4
BRDA:272,30,0,1
BRDA:272,30,1,3
BRDA:272,31,0,4
BRDA:272,31,1,2
BRF:64
BRH:62
end_of_record
TN:
SF:models\Comment.js
FNF:0
FNH:0
DA:1,1
DA:3,1
DA:33,1
LF:3
LH:3
BRF:0
BRH:0
end_of_record
TN:
SF:models\Reservation.js
FNF:0
FNH:0
DA:1,1
DA:3,1
DA:24,1
LF:3
LH:3
BRF:0
BRH:0
end_of_record
TN:
SF:models\Restaurant.js
FNF:0
FNH:0
DA:1,2
DA:2,2
DA:44,2
DA:51,2
DA:58,2
DA:65,2
LF:6
LH:6
BRF:0
BRH:0
end_of_record
TN:
SF:models\User.js
FN:47,(anonymous_0)
FN:52,(anonymous_1)
FN:60,(anonymous_2)
FNF:3
FNH:0
FNDA:0,(anonymous_0)
FNDA:0,(anonymous_1)
FNDA:0,(anonymous_2)
DA:1,1
DA:2,1
DA:3,1
DA:5,1
DA:47,1
DA:48,0
DA:49,0
DA:52,1
DA:53,0
DA:60,1
DA:61,0
DA:64,1
LF:12
LH:8
BRF:0
BRH:0
end_of_record
